#
# There is insufficient memory for the Java Runtime Environment to continue.
# Native memory allocation (mmap) failed to map 268435456 bytes for G1 virtual space
# Possible reasons:
#   The system is out of physical RAM or swap space
#   The process is running with CompressedOops enabled, and the Java Heap may be blocking the growth of the native heap
# Possible solutions:
#   Reduce memory load on the system
#   Increase physical memory or swap space
#   Check if swap backing store is full
#   Decrease Java heap size (-Xmx/-Xms)
#   Decrease number of Java threads
#   Decrease Java thread stack sizes (-Xss)
#   Set larger code cache with -XX:ReservedCodeCacheSize=
#   JVM is running with Zero Based Compressed Oops mode in which the Java heap is
#     placed in the first 32GB address space. The Java Heap base address is the
#     maximum limit for the native heap growth. Please use -XX:HeapBaseMinAddress
#     to set the Java Heap base and to place the Java Heap above 32GB virtual address.
# This output file may be truncated or incomplete.
#
#  Out of Memory Error (os_windows.cpp:3528), pid=18164, tid=9320
#
# JRE version:  (20.0.2+9) (build )
# Java VM: Java HotSpot(TM) 64-Bit Server VM (20.0.2+9-78, mixed mode, sharing, tiered, compressed oops, compressed class ptrs, g1 gc, windows-amd64)
# No core dump will be written. Minidumps are not enabled by default on client versions of Windows
#

---------------  S U M M A R Y ------------

Command Line: -Dfile.encoding=UTF-8 --module-path=C:\Users\Admin\eclipse-workspace\sanjeevi\event_management\bin;D:\java fx\javafx-sdk-17.0.0.1\lib\javafx-swt.jar;D:\java fx\javafx-sdk-17.0.0.1\lib\javafx.base.jar;D:\java fx\javafx-sdk-17.0.0.1\lib\javafx.controls.jar;D:\java fx\javafx-sdk-17.0.0.1\lib\javafx.fxml.jar;D:\java fx\javafx-sdk-17.0.0.1\lib\javafx.graphics.jar;D:\java fx\javafx-sdk-17.0.0.1\lib\javafx.media.jar;D:\java fx\javafx-sdk-17.0.0.1\lib\javafx.swing.jar;D:\java fx\javafx-sdk-17.0.0.1\lib\javafx.web.jar;C:\Users\Admin\.p2\pool\plugins\org.eclipse.fx.ide.css.jfx8_3.10.0.202303150700.jar;C:\Users\Admin\Downloads\mysql-connector-j-8.2.0\mysql-connector-j-8.2.0\mysql-connector-j-8.2.0.jar -XX:+ShowCodeDetailsInExceptionMessages -Djdk.module.main=event_management event_management/application.Main

Host: Intel(R) Core(TM) i7-8550U CPU @ 1.80GHz, 8 cores, 15G,  Windows 11 , 64 bit Build 22621 (10.0.22621.2506)
Time: Fri Dec  8 10:36:34 2023 India Standard Time elapsed time: 0.077846 seconds (0d 0h 0m 0s)

---------------  T H R E A D  ---------------

Current thread (0x00000202ed8294e0):  JavaThread "Unknown thread" [_thread_in_vm, id=9320, stack(0x0000001d8d700000,0x0000001d8d800000)]

Stack: [0x0000001d8d700000,0x0000001d8d800000]
Native frames: (J=compiled Java code, j=interpreted, Vv=VM code, C=native code)
V  [jvm.dll+0x6bc25a]
V  [jvm.dll+0x84971a]
V  [jvm.dll+0x84b315]
V  [jvm.dll+0x84ba13]
V  [jvm.dll+0x280e4f]
V  [jvm.dll+0x6b8fe9]
V  [jvm.dll+0x6adbca]
V  [jvm.dll+0x35b165]
V  [jvm.dll+0x363386]
V  [jvm.dll+0x3b400e]
V  [jvm.dll+0x3b4295]
V  [jvm.dll+0x32b86a]
V  [jvm.dll+0x32c68b]
V  [jvm.dll+0x8123df]
V  [jvm.dll+0x3c1261]
V  [jvm.dll+0x7fe103]
V  [jvm.dll+0x44ccaf]
V  [jvm.dll+0x44e621]
C  [jli.dll+0x5287]
C  [ucrtbase.dll+0x29363]
C  [KERNEL32.DLL+0x1257d]
C  [ntdll.dll+0x5aa58]


---------------  P R O C E S S  ---------------

Threads class SMR info:
_java_thread_list=0x00007ff911a2b118, length=0, elements={
}

Java Threads: ( => current thread )

Other Threads:
  0x00000202ed899d30 WorkerThread "GC Thread#0" [stack: 0x0000001d8d800000,0x0000001d8d900000] [id=16548]
  0x00000202ed8acb00 ConcurrentGCThread "G1 Main Marker" [stack: 0x0000001d8d900000,0x0000001d8da00000] [id=18884]
  0x00000202ed8ad440 WorkerThread "G1 Conc#0" [stack: 0x0000001d8da00000,0x0000001d8db00000] [id=13364]

[error occurred during error reporting (printing all threads), id 0xc0000005, EXCEPTION_ACCESS_VIOLATION (0xc0000005) at pc=0x00007ff91120eea7]
VM state: not at safepoint (not fully initialized)

VM Mutex/Monitor currently owned by a thread:  ([mutex/lock_event])
[0x00000202ed8249e0] Heap_lock - owner thread: 0x00000202ed8294e0

Heap address: 0x0000000701a00000, size: 4070 MB, Compressed Oops mode: Zero based, Oop shift amount: 3

CDS archive(s) mapped at: [0x0000000000000000-0x0000000000000000-0x0000000000000000), size 0, SharedBaseAddress: 0x0000000800000000, ArchiveRelocationMode: 1.
Narrow klass base: 0x0000000000000000, Narrow klass shift: 0, Narrow klass range: 0x0

GC Precious Log:
 CardTable entry size: 512
 Card Set container configuration: InlinePtr #cards 4 size 8 Array Of Cards #cards 16 size 48 Howl #buckets 8 coarsen threshold 3686 Howl Bitmap #cards 512 size 80 coarsen threshold 460 Card regions per heap region 1 cards per card region 4096

Heap:
 garbage-first heap   total 0K, used 0K [0x0000000701a00000, 0x0000000800000000)
  region size 2048K, 0 young (0K), 0 survivors (0K)

[error occurred during error reporting (printing heap information), id 0xc0000005, EXCEPTION_ACCESS_VIOLATION (0xc0000005) at pc=0x00007ff9115e47b9]
GC Heap History (0 events):
No events

Dll operation events (1 events):
Event: 0.013 Loaded shared library C:\Program Files\Java\jdk-20\bin\java.dll

Deoptimization events (0 events):
No events

Classes loaded (0 events):
No events

Classes unloaded (0 events):
No events

Classes redefined (0 events):
No events

Internal exceptions (0 events):
No events

VM Operations (0 events):
No events

Events (0 events):
No events


Dynamic libraries:
0x00007ff719780000 - 0x00007ff719790000 	C:\Program Files\Java\jdk-20\bin\javaw.exe
0x00007ff9afb30000 - 0x00007ff9afd47000 	C:\WINDOWS\SYSTEM32\ntdll.dll
0x00007ff9ae7e0000 - 0x00007ff9ae8a4000 	C:\WINDOWS\System32\KERNEL32.DLL
0x00007ff9ad1d0000 - 0x00007ff9ad575000 	C:\WINDOWS\System32\KERNELBASE.dll
0x00007ff9acea0000 - 0x00007ff9acfb1000 	C:\WINDOWS\System32\ucrtbase.dll
0x00007ff99a1a0000 - 0x00007ff99a1bb000 	C:\Program Files\Java\jdk-20\bin\VCRUNTIME140.dll
0x00007ff99af70000 - 0x00007ff99af89000 	C:\Program Files\Java\jdk-20\bin\jli.dll
0x00007ff9af450000 - 0x00007ff9af501000 	C:\WINDOWS\System32\ADVAPI32.dll
0x00007ff9adcb0000 - 0x00007ff9add57000 	C:\WINDOWS\System32\msvcrt.dll
0x00007ff9adc00000 - 0x00007ff9adca6000 	C:\WINDOWS\System32\sechost.dll
0x00007ff9ae950000 - 0x00007ff9aea67000 	C:\WINDOWS\System32\RPCRT4.dll
0x00007ff9add60000 - 0x00007ff9adf0e000 	C:\WINDOWS\System32\USER32.dll
0x00007ff990130000 - 0x00007ff9903c3000 	C:\WINDOWS\WinSxS\amd64_microsoft.windows.common-controls_6595b64144ccf1df_6.0.22621.2506_none_270c5ae97388e100\COMCTL32.dll
0x00007ff9ad580000 - 0x00007ff9ad5a6000 	C:\WINDOWS\System32\win32u.dll
0x00007ff9ae920000 - 0x00007ff9ae949000 	C:\WINDOWS\System32\GDI32.dll
0x00007ff9ad6a0000 - 0x00007ff9ad7b9000 	C:\WINDOWS\System32\gdi32full.dll
0x00007ff9ad130000 - 0x00007ff9ad1ca000 	C:\WINDOWS\System32\msvcp_win.dll
0x00007ff9a4450000 - 0x00007ff9a445a000 	C:\WINDOWS\SYSTEM32\VERSION.dll
0x00007ff9ae450000 - 0x00007ff9ae481000 	C:\WINDOWS\System32\IMM32.DLL
0x00007ff9a9cd0000 - 0x00007ff9a9cdc000 	C:\Program Files\Java\jdk-20\bin\vcruntime140_1.dll
0x00007ff938ec0000 - 0x00007ff938f4e000 	C:\Program Files\Java\jdk-20\bin\msvcp140.dll
0x00007ff910ed0000 - 0x00007ff911b68000 	C:\Program Files\Java\jdk-20\bin\server\jvm.dll
0x00007ff9a7980000 - 0x00007ff9a7989000 	C:\WINDOWS\SYSTEM32\WSOCK32.dll
0x00007ff9a3bb0000 - 0x00007ff9a3be4000 	C:\WINDOWS\SYSTEM32\WINMM.dll
0x00007ff9aea70000 - 0x00007ff9aeae1000 	C:\WINDOWS\System32\WS2_32.dll
0x00007ff9abe40000 - 0x00007ff9abe58000 	C:\WINDOWS\SYSTEM32\kernel.appcore.dll
0x00007ff99a190000 - 0x00007ff99a19a000 	C:\Program Files\Java\jdk-20\bin\jimage.dll
0x00007ff9aaaa0000 - 0x00007ff9aacd3000 	C:\WINDOWS\SYSTEM32\DBGHELP.DLL
0x00007ff9af510000 - 0x00007ff9af899000 	C:\WINDOWS\System32\combase.dll
0x00007ff9af350000 - 0x00007ff9af427000 	C:\WINDOWS\System32\OLEAUT32.dll
0x00007ff991870000 - 0x00007ff9918a2000 	C:\WINDOWS\SYSTEM32\dbgcore.DLL
0x00007ff9ad5b0000 - 0x00007ff9ad62a000 	C:\WINDOWS\System32\bcryptPrimitives.dll
0x00007ff994130000 - 0x00007ff994156000 	C:\Program Files\Java\jdk-20\bin\java.dll

dbghelp: loaded successfully - version: 4.0.5 - missing functions: none
symbol engine: initialized successfully - sym options: 0x614 - pdb path: .;C:\Program Files\Java\jdk-20\bin;C:\WINDOWS\SYSTEM32;C:\WINDOWS\WinSxS\amd64_microsoft.windows.common-controls_6595b64144ccf1df_6.0.22621.2506_none_270c5ae97388e100;C:\Program Files\Java\jdk-20\bin\server

VM Arguments:
jvm_args: -Dfile.encoding=UTF-8 --module-path=C:\Users\Admin\eclipse-workspace\sanjeevi\event_management\bin;D:\java fx\javafx-sdk-17.0.0.1\lib\javafx-swt.jar;D:\java fx\javafx-sdk-17.0.0.1\lib\javafx.base.jar;D:\java fx\javafx-sdk-17.0.0.1\lib\javafx.controls.jar;D:\java fx\javafx-sdk-17.0.0.1\lib\javafx.fxml.jar;D:\java fx\javafx-sdk-17.0.0.1\lib\javafx.graphics.jar;D:\java fx\javafx-sdk-17.0.0.1\lib\javafx.media.jar;D:\java fx\javafx-sdk-17.0.0.1\lib\javafx.swing.jar;D:\java fx\javafx-sdk-17.0.0.1\lib\javafx.web.jar;C:\Users\Admin\.p2\pool\plugins\org.eclipse.fx.ide.css.jfx8_3.10.0.202303150700.jar;C:\Users\Admin\Downloads\mysql-connector-j-8.2.0\mysql-connector-j-8.2.0\mysql-connector-j-8.2.0.jar -XX:+ShowCodeDetailsInExceptionMessages -Djdk.module.main=event_management 
java_command: event_management/application.Main
java_class_path (initial): <not set>
Launcher Type: SUN_STANDARD

[Global flags]
     intx CICompilerCount                          = 4                                         {product} {ergonomic}
     uint ConcGCThreads                            = 2                                         {product} {ergonomic}
     uint G1ConcRefinementThreads                  = 8                                         {product} {ergonomic}
   size_t G1HeapRegionSize                         = 2097152                                   {product} {ergonomic}
    uintx GCDrainStackTargetSize                   = 64                                        {product} {ergonomic}
   size_t InitialHeapSize                          = 268435456                                 {product} {ergonomic}
   size_t MarkStackSize                            = 4194304                                   {product} {ergonomic}
   size_t MaxHeapSize                              = 4267704320                                {product} {ergonomic}
   size_t MinHeapDeltaBytes                        = 2097152                                   {product} {ergonomic}
   size_t MinHeapSize                              = 8388608                                   {product} {ergonomic}
    uintx NonNMethodCodeHeapSize                   = 5839372                                {pd product} {ergonomic}
    uintx NonProfiledCodeHeapSize                  = 122909434                              {pd product} {ergonomic}
    uintx ProfiledCodeHeapSize                     = 122909434                              {pd product} {ergonomic}
    uintx ReservedCodeCacheSize                    = 251658240                              {pd product} {ergonomic}
     bool SegmentedCodeCache                       = true                                      {product} {ergonomic}
     bool ShowCodeDetailsInExceptionMessages       = true                                   {manageable} {command line}
   size_t SoftMaxHeapSize                          = 4267704320                             {manageable} {ergonomic}
     bool UseCompressedClassPointers               = true                           {product lp64_product} {ergonomic}
     bool UseCompressedOops                        = true                           {product lp64_product} {ergonomic}
     bool UseG1GC                                  = true                                      {product} {ergonomic}
     bool UseLargePagesIndividualAllocation        = false                                  {pd product} {ergonomic}

Logging:
Log output configuration:
 #0: stdout all=warning uptime,level,tags foldmultilines=false
 #1: stderr all=off uptime,level,tags foldmultilines=false

Environment Variables:
PATH=D:\python\Scripts\;D:\python\;C:\Program Files\Common Files\Oracle\Java\javapath;C:\Program Files\Python38\Scripts\;C:\Program Files\Python38\;C:\WINDOWS\system32;C:\WINDOWS;C:\WINDOWS\System32\Wbem;C:\WINDOWS\System32\WindowsPowerShell\v1.0\;C:\Program Files\Intel\WiFi\bin\;C:\Program Files\Common Files\Intel\WirelessCommon\;C:\Program Files\dotnet\;C:\WINDOWS\System32\OpenSSH\;C:\Users\Admin\AppData\Local\Programs\Python\Python310;C:\Users\Admin\AppData\Local\Programs\Python\Python310\Scripts;C:\Program Files\MySQL\MySQL Server 8.0\bin;C:\Program Files\Java\jdk-20\bin;D:\Git\cmd;C:\Program Files\MySQL\MySQL Shell 8.0\bin\;C:\Program Files\Intel\WiFi\bin\;C:\Program Files\Common Files\Intel\WirelessCommon\;C:\Users\Admin\.dotnet\tools;C:\Users\Admin\AppData\Local\Microsoft\WindowsApps;C:\Program Files\JetBrains\PyCharm 2023.1.3\bin;;C:\flutter\bin;D:\Microsoft VS Code\bin;D:\Flutter\flutter\bin;;D:\DSD\modelsim_ase\win32aloem;C:\Program Files\JetBrains\IntelliJ IDEA Community Edition 2023.3\bin;
USERNAME=Admin
OS=Windows_NT
PROCESSOR_IDENTIFIER=Intel64 Family 6 Model 142 Stepping 10, GenuineIntel
TMP=C:\Users\Admin\AppData\Local\Temp
TEMP=C:\Users\Admin\AppData\Local\Temp




---------------  S Y S T E M  ---------------

OS:
 Windows 11 , 64 bit Build 22621 (10.0.22621.2506)
OS uptime: 0 days 18:33 hours

CPU: total 8 (initial active 8) (4 cores per cpu, 2 threads per core) family 6 model 142 stepping 10 microcode 0xf0, cx8, cmov, fxsr, ht, mmx, 3dnowpref, sse, sse2, sse3, ssse3, sse4.1, sse4.2, popcnt, lzcnt, tsc, tscinvbit, avx, avx2, aes, erms, clmul, bmi1, bmi2, adx, fma, vzeroupper, clflush, clflushopt, rdtscp, f16c

Memory: 4k page, system-wide physical 16275M (3417M free)
TotalPageFile size 22275M (AvailPageFile size 214M)
current process WorkingSet (physical memory assigned to process): 11M, peak: 11M
current process commit charge ("private bytes"): 60M, peak: 316M

vm_info: Java HotSpot(TM) 64-Bit Server VM (20.0.2+9-78) for windows-amd64 JRE (20.0.2+9-78), built on 2023-06-14T10:08:48Z by "mach5one" with MS VC++ 17.1 (VS2022)

END.
